This is pdfTeX, Version 3.14159265-2.6-1.40.21 (TeX Live 2020/W32TeX) (preloaded format=pdflatex 2021.2.11)  12 FEB 2021 15:05
entering extended mode
 \write18 enabled.
 %&-line parsing enabled.
**quiz.tex
(./quiz.tex
LaTeX2e <2020-10-01> patch level 4
L3 programming layer <2021-02-06>
(c:/texlive/2020/texmf-dist/tex/latex/exam/exam.cls
Document Class: exam 2017/12/17 Version 2.603 by Philip Hirschhorn
(c:/texlive/2020/texmf-dist/tex/latex/base/ifthen.sty
Package: ifthen 2014/09/29 v1.1c Standard LaTeX ifthen package (DPC)
)
(c:/texlive/2020/texmf-dist/tex/latex/base/article.cls
Document Class: article 2020/04/10 v1.4m Standard LaTeX document class
(c:/texlive/2020/texmf-dist/tex/latex/base/size10.clo
File: size10.clo 2020/04/10 v1.4m Standard LaTeX file (size option)
)
\c@part=\count177
\c@section=\count178
\c@subsection=\count179
\c@subsubsection=\count180
\c@paragraph=\count181
\c@subparagraph=\count182
\c@figure=\count183
\c@table=\count184
\abovecaptionskip=\skip47
\belowcaptionskip=\skip48
\bibindent=\dimen138
)
\@extrawidth=\skip49
\@rightmargin=\skip50
\@extrahead=\skip51
\@extrafoot=\skip52
\run@exhd=\skip53
\fp@exhd=\skip54
\run@exft=\skip55
\fp@exft=\skip56
\covrun@exhd=\skip57
\covfp@exhd=\skip58
\covrun@exft=\skip59
\covfp@exft=\skip60
\c@num@coverpages=\count185
\c@latest@ques=\count186
\c@ques@end=\count187
\c@last@object=\count188
\c@incmp@ques=\count189
\c@next@ques=\count190
\c@next@page=\count191
\c@tmp@hlfcntr=\count192
\c@ifpos@cntr=\count193
\c@question=\count194
\c@partno=\count195
\c@subpart=\count196
\c@subsubpart=\count197
\c@choice=\count198
\c@numpoints=\count199
\c@numbonuspoints=\count266
\c@pointsof@thisquestion=\count267
\c@bonuspointsof@thisquestion=\count268
\c@numquestions=\count269
\c@numparts=\count270
\c@numsubparts=\count271
\c@numsubsubparts=\count272
\c@Curr@Page=\count273
\c@@pagepoints=\count274
\c@@pagebonuspoints=\count275
\c@pageof@pagepoints=\count276
\c@pageof@pagebonuspoints=\count277
\c@latest@points=\count278
\c@latest@bonuspoints=\count279
\pageinfo@commands=\toks15
\temp@toks=\toks16
\pagepoint@commands=\toks17
\point@toks=\toks18
\c@ques@object=\count280
\marginpointssep=\skip61
\rightpointsmargin=\skip62
\choice@toks=\toks19
\answerlinelength=\skip63
\answerskip=\skip64
\answerclearance=\skip65
\fillinlinelength=\skip66
\linefillheight=\skip67
\linefillthickness=\skip68
\dottedlinefillheight=\skip69
\gridsize=\skip70
\gridlinewidth=\skip71
\minboxheight=\skip72
\c@@iterator=\count281
\@cellwidth=\skip73
\c@tbl@points=\count282
\c@tbl@bonuspoints=\count283
\c@pq@index=\count284
\c@pq@index@pts=\count285
\c@pq@index@bpts=\count286
\c@num@cols=\count287
\c@num@rows=\count288
\c@current@row=\count289
\c@cols@done=\count290
\exam@box=\box47
\saved@totalleftmargin=\dimen139
\@sollistdepth=\count291
\exam@FrameRule=\dimen140
\exam@FrameSep=\dimen141
)
(./settings/variants.sty
(c:/texlive/2020/texmf-dist/tex/latex/tools/shellesc.sty
Package: shellesc 2019/11/08 v1.0c unified shell escape interface for LaTeX
Package shellesc Info: Unrestricted shell escape enabled on input line 75.
)
runsystem(pdflatex --jobname='quiz-draft' '\gdef \dovariants{}\PassOptionsToCla
ss{draft}{exam}\input{quiz}')...executed.

runsystem(pdflatex --jobname='quiz-answers' '\gdef \dovariants{}\PassOptionsToC
lass{answers}{exam}\input{quiz}')...executed.

 ) )
(\end occurred when \ifx on line 4 was incomplete) 
Here is how much of TeX's memory you used:
 1309 strings out of 479302
 17972 string characters out of 5871204
 305954 words of memory out of 5000000
 18579 multiletter control sequences out of 15000+600000
 403430 words of font info for 27 fonts, out of 8000000 for 9000
 1141 hyphenation exceptions out of 8191
 58i,1n,64p,131b,36s stack positions out of 5000i,500n,10000p,200000b,80000s

No pages of output.
PDF statistics:
 0 PDF objects out of 1000 (max. 8388607)
 0 named destinations out of 1000 (max. 500000)
 1 words of extra memory for PDF output out of 10000 (max. 10000000)

